ModuleGold/build/outputs/logs/manifest-merger-release-report.txt
-- Merging decision tree log ---
manifest
ADDED from main\release\AndroidManifest.xml:2:1-21:12
INJECTED from main\release\AndroidManifest.xml:2:1-21:12
INJECTED from main\release\AndroidManifest.xml:2:1-21:12
INJECTED from main\release\AndroidManifest.xml:2:1-21:12
INJECTED from main\release\AndroidManifest.xml:2:1-21:12
INJECTED from main\release\AndroidManifest.xml:2:1-21:12
INJECTED from main\release\AndroidManifest.xml:2:1-21:12
	package
		ADDED from main\release\AndroidManifest.xml:3:11-50
		INJECTED from main\release\AndroidManifest.xml
		INJECTED from main\release\AndroidManifest.xml
	android:versionName
		INJECTED from main\release\AndroidManifest.xml
		ADDED from main\release\AndroidManifest.xml:2:1-21:12
		INJECTED from main\release\AndroidManifest.xml
	android:versionCode
		INJECTED from main\release\AndroidManifest.xml
		ADDED from main\release\AndroidManifest.xml:2:1-21:12
		INJECTED from main\release\AndroidManifest.xml
	xmlns:android
		ADDED from main\release\AndroidManifest.xml:2:11-69
application
ADDED from main\release\AndroidManifest.xml:5:5-19:19
activity#me.jessyan.armscomponent.gold.mvp.ui.activity.GoldHomeActivity
ADDED from main\release\AndroidManifest.xml:6:9-10:51
	android:screenOrientation
		ADDED from main\release\AndroidManifest.xml:10:13-49
	android:label
		ADDED from main\release\AndroidManifest.xml:8:13-53
	android:configChanges
		ADDED from main\release\AndroidManifest.xml:9:13-59
	android:name
		ADDED from main\release\AndroidManifest.xml:7:13-61
activity#me.jessyan.armscomponent.gold.mvp.ui.activity.DetailActivity
ADDED from main\release\AndroidManifest.xml:11:9-14:51
	android:screenOrientation
		ADDED from main\release\AndroidManifest.xml:14:13-49
	android:configChanges
		ADDED from main\release\AndroidManifest.xml:13:13-59
	android:name
		ADDED from main\release\AndroidManifest.xml:12:13-59
meta-data#me.jessyan.armscomponent.gold.app.GlobalConfiguration
ADDED from main\release\AndroidManifest.xml:16:9-18:43
	android:value
		ADDED from main\release\AndroidManifest.xml:18:13-41
	android:name
		ADDED from main\release\AndroidManifest.xml:17:13-81
uses-sdk
INJECTED from main\release\AndroidManifest.xml reason: use-sdk injection requested
INJECTED from main\release\AndroidManifest.xml
INJECTED from main\release\AndroidManifest.xml
INJECTED from main\release\AndroidManifest.xml
INJECTED from main\release\AndroidManifest.xml
	android:targetSdkVersion
		INJECTED from main\release\AndroidManifest.xml
		ADDED from main\release\AndroidManifest.xml
		INJECTED from main\release\AndroidManifest.xml
	android:minSdkVersion
		INJECTED from main\release\AndroidManifest.xml
		ADDED from main\release\AndroidManifest.xml
		INJECTED from main\release\AndroidManifest.xml